Build started 29.05.2013 12:07:27.
     1>Project "C:\Users\TJmini\Desktop\labs-master\Lab\Lab.vcxproj" on node 3 (build target(s)).
     1>InitializeBuildStatus:
         Touching "Debug\Lab-3.unsuccessfulbuild".
       ClCompile:
         All outputs are up-to-date.
       ManifestResourceCompile:
         All outputs are up-to-date.
       Link:
         c:\Program Files\Microsoft Visual Studio 10.0\VC\bin\link.exe /ERRORREPORT:PROMPT /OUT:"C:\Users\TJmini\Desktop\labs-master\Debug\Lab-3.exe" /INCREMENTAL /NOLOGO kernel32.lib user32.lib gdi32.lib winspool.lib comdlg32.lib advapi32.lib shell32.lib ole32.lib oleaut32.lib uuid.lib odbc32.lib odbccp32.lib /MANIFEST /ManifestFile:"Debug\Lab-3.exe.intermediate.manifest" /MANIFESTUAC:"level='asInvoker' uiAccess='false'" /DEBUG /PDB:"C:\Users\TJmini\Desktop\labs-master\Debug\Lab-3.pdb" /SUBSYSTEM:CONSOLE /TLBID:1 /DYNAMICBASE /NXCOMPAT /IMPLIB:"C:\Users\TJmini\Desktop\labs-master\Debug\Lab-3.lib" /MACHINE:X86 "Debug\Lab-3.exe.embed.manifest.res"
         Debug\main.obj
       Manifest:
         c:\Program Files\Microsoft SDKs\Windows\v7.0A\bin\mt.exe /nologo /verbose /out:"Debug\Lab-3.exe.embed.manifest" /manifest "Debug\Lab-3.exe.intermediate.manifest"
         All outputs are up-to-date.
       LinkEmbedManifest:
         All outputs are up-to-date.
         Lab.vcxproj -> C:\Users\TJmini\Desktop\labs-master\Debug\Lab-3.exe
       FinalizeBuildStatus:
         Deleting file "Debug\Lab-3.unsuccessfulbuild".
         Touching "Debug\Lab-3.lastbuildstate".
     1>Done Building Project "C:\Users\TJmini\Desktop\labs-master\Lab\Lab.vcxproj" (build target(s)).

Build succeeded.

Time Elapsed 00:00:06.95
